2017-02-09 09:22:00 INFO  GeoCompass FrameworkCore.Utils.SystemLogger.Info(:0) mySQL数据库初始化成功 
2017-02-09 09:34:04 INFO  GeoCompass FrameworkCore.Utils.SystemLogger.Info(:0) mySQL数据库初始化成功 
2017-02-09 09:42:03 INFO  GeoCompass FrameworkCore.Utils.SystemLogger.Info(:0) mySQL数据库初始化成功 
2017-02-09 09:50:19 INFO  GeoCompass FrameworkCore.Utils.SystemLogger.Info(:0) mySQL数据库初始化成功 
2017-02-09 09:51:30 INFO  GeoCompass FrameworkCore.Utils.SystemLogger.Info(:0) mySQL数据库初始化成功 
2017-02-09 09:57:15 INFO  GeoCompass FrameworkCore.Utils.SystemLogger.Info(:0) mySQL数据库初始化成功 
2017-02-09 10:05:51 INFO  GeoCompass FrameworkCore.Utils.SystemLogger.Info(:0) mySQL数据库初始化成功 
2017-02-09 11:05:26 INFO  GeoCompass FrameworkCore.Utils.SystemLogger.Info(:0) mySQL数据库初始化成功 
2017-02-09 11:13:09 INFO  GeoCompass FrameworkCore.Utils.SystemLogger.Info(:0) mySQL数据库初始化成功 
2017-02-09 11:15:09 INFO  GeoCompass FrameworkCore.Utils.SystemLogger.Info(:0) mySQL数据库初始化成功 
2017-02-09 11:18:35 INFO  GeoCompass FrameworkCore.Utils.SystemLogger.Info(:0) mySQL数据库初始化成功 
2017-02-09 11:23:29 INFO  GeoCompass FrameworkCore.Utils.SystemLogger.Info(:0) mySQL数据库初始化成功 
2017-02-09 11:26:07 INFO  GeoCompass FrameworkCore.Utils.SystemLogger.Info(:0) mySQL数据库初始化成功 
2017-02-09 11:26:37 ERROR  GeoCompass FrameworkCore.Utils.SystemLogger.Error(:0) 未能找到对应的模板文件，文件名为附件19-固定资产验收及入库单（设备S） 
2017-02-09 11:26:37 ERROR  GeoCompass FrameworkCore.Utils.SystemLogger.Error(:0) 未能找到对应的模板文件，文件名为附件3-固定资产验收及入库单（房屋F、土地T、交通Q） 
2017-02-09 11:26:37 ERROR  GeoCompass FrameworkCore.Utils.SystemLogger.Error(:0) 未能找到对应的模板文件，文件名为附件7-固定资产借出登记申请表 
2017-02-09 11:26:37 ERROR  GeoCompass FrameworkCore.Utils.SystemLogger.Error(:0) 未能找到对应的模板文件，文件名为附件6-固定资产调配调拨单 
2017-02-09 11:26:37 ERROR  GeoCompass FrameworkCore.Utils.SystemLogger.Error(:0) 未能找到对应的模板文件，文件名为附件5-固定资产管理信息变更表 
2017-02-09 11:26:37 ERROR  GeoCompass FrameworkCore.Utils.SystemLogger.Error(:0) 未能找到对应的模板文件，文件名为附件9-低值易耗品购置申请表 
2017-02-09 11:26:37 ERROR  GeoCompass FrameworkCore.Utils.SystemLogger.Error(:0) 未能找到对应的模板文件，文件名为附件8-固定资产处置申请表 
