2017-02-23 20:56:19 INFO  GeoCompass FrameworkCore.Utils.SystemLogger.Info(:0) mySQL数据库初始化成功 
2017-02-23 20:58:33 ERROR  GeoCompass FrameworkCore.Utils.SystemLogger.Error(:0) 未能找到对应的模板文件，文件名为附件19-固定资产验收及入库单（设备S） 
2017-02-23 20:58:33 ERROR  GeoCompass FrameworkCore.Utils.SystemLogger.Error(:0) 未能找到对应的模板文件，文件名为附件3-固定资产验收及入库单（房屋F、土地T、交通Q） 
2017-02-23 20:58:33 ERROR  GeoCompass FrameworkCore.Utils.SystemLogger.Error(:0) 未能找到对应的模板文件，文件名为附件5-固定资产管理信息变更表 
2017-02-23 20:58:34 ERROR  GeoCompass FrameworkCore.Utils.SystemLogger.Error(:0) 未能找到对应的模板文件，文件名为附件9-低值易耗品购置申请表 
2017-02-23 20:58:34 ERROR  GeoCompass FrameworkCore.Utils.SystemLogger.Error(:0) 未能找到对应的模板文件，文件名为附件8-固定资产处置申请表 
2017-02-23 21:05:15 INFO  GeoCompass FrameworkCore.Utils.SystemLogger.Info(:0) mySQL数据库初始化成功 
2017-02-23 21:05:27 ERROR  GeoCompass FrameworkCore.Utils.SystemLogger.Error(:0) 未能找到对应的模板文件，文件名为附件19-固定资产验收及入库单（设备S） 
2017-02-23 21:05:27 ERROR  GeoCompass FrameworkCore.Utils.SystemLogger.Error(:0) 未能找到对应的模板文件，文件名为附件3-固定资产验收及入库单（房屋F、土地T、交通Q） 
2017-02-23 21:05:27 ERROR  GeoCompass FrameworkCore.Utils.SystemLogger.Error(:0) 未能找到对应的模板文件，文件名为附件5-固定资产管理信息变更表 
2017-02-23 21:05:27 ERROR  GeoCompass FrameworkCore.Utils.SystemLogger.Error(:0) 未能找到对应的模板文件，文件名为附件9-低值易耗品购置申请表 
2017-02-23 21:05:27 ERROR  GeoCompass FrameworkCore.Utils.SystemLogger.Error(:0) 未能找到对应的模板文件，文件名为附件8-固定资产处置申请表 
2017-02-23 21:07:40 INFO  GeoCompass FrameworkCore.Utils.SystemLogger.Info(:0) mySQL数据库初始化成功 
2017-02-23 21:07:44 ERROR  GeoCompass FrameworkCore.Utils.SystemLogger.Error(:0) 未能找到对应的模板文件，文件名为附件19-固定资产验收及入库单（设备S） 
2017-02-23 21:07:45 ERROR  GeoCompass FrameworkCore.Utils.SystemLogger.Error(:0) 未能找到对应的模板文件，文件名为附件3-固定资产验收及入库单（房屋F、土地T、交通Q） 
2017-02-23 21:07:45 ERROR  GeoCompass FrameworkCore.Utils.SystemLogger.Error(:0) 未能找到对应的模板文件，文件名为附件5-固定资产管理信息变更表 
2017-02-23 21:07:45 ERROR  GeoCompass FrameworkCore.Utils.SystemLogger.Error(:0) 未能找到对应的模板文件，文件名为附件9-低值易耗品购置申请表 
2017-02-23 21:07:45 ERROR  GeoCompass FrameworkCore.Utils.SystemLogger.Error(:0) 未能找到对应的模板文件，文件名为附件8-固定资产处置申请表 
2017-02-23 21:10:40 INFO  GeoCompass FrameworkCore.Utils.SystemLogger.Info(:0) mySQL数据库初始化成功 
2017-02-23 21:10:49 ERROR  GeoCompass FrameworkCore.Utils.SystemLogger.Error(:0) 未能找到对应的模板文件，文件名为附件19-固定资产验收及入库单（设备S） 
2017-02-23 21:10:49 ERROR  GeoCompass FrameworkCore.Utils.SystemLogger.Error(:0) 未能找到对应的模板文件，文件名为附件3-固定资产验收及入库单（房屋F、土地T、交通Q） 
2017-02-23 21:10:49 ERROR  GeoCompass FrameworkCore.Utils.SystemLogger.Error(:0) 未能找到对应的模板文件，文件名为附件5-固定资产管理信息变更表 
2017-02-23 21:10:49 ERROR  GeoCompass FrameworkCore.Utils.SystemLogger.Error(:0) 未能找到对应的模板文件，文件名为附件9-低值易耗品购置申请表 
2017-02-23 21:10:49 ERROR  GeoCompass FrameworkCore.Utils.SystemLogger.Error(:0) 未能找到对应的模板文件，文件名为附件8-固定资产处置申请表 
2017-02-23 21:16:16 ERROR  GeoCompass FrameworkCore.Utils.SystemLogger.Error(:0) System.IO.IOException: 文件“附件6-固定资产调配调拨单20170223211059.doc”正由另一进程使用，因此该进程无法访问此文件。
   在 System.IO.__Error.WinIOError(Int32 errorCode, String maybeFullPath)
   在 System.IO.FileInfo.Delete()
   在 GCHeritagePlatform.JCBG.WordCode.BaseWord.Save(String saveName) 位置 G:\中心OA\Code\Service\GCHeritagePlatform\GCHeritagePlatform\JCBG\WordCode\BusinessWord.cs:行号 116 
2017-02-23 21:17:58 INFO  GeoCompass FrameworkCore.Utils.SystemLogger.Info(:0) mySQL数据库初始化成功 
2017-02-23 21:18:06 ERROR  GeoCompass FrameworkCore.Utils.SystemLogger.Error(:0) 未能找到对应的模板文件，文件名为附件19-固定资产验收及入库单（设备S） 
2017-02-23 21:18:06 ERROR  GeoCompass FrameworkCore.Utils.SystemLogger.Error(:0) 未能找到对应的模板文件，文件名为附件3-固定资产验收及入库单（房屋F、土地T、交通Q） 
2017-02-23 21:18:06 ERROR  GeoCompass FrameworkCore.Utils.SystemLogger.Error(:0) 未能找到对应的模板文件，文件名为附件5-固定资产管理信息变更表 
2017-02-23 21:18:06 ERROR  GeoCompass FrameworkCore.Utils.SystemLogger.Error(:0) 未能找到对应的模板文件，文件名为附件9-低值易耗品购置申请表 
2017-02-23 21:18:06 ERROR  GeoCompass FrameworkCore.Utils.SystemLogger.Error(:0) 未能找到对应的模板文件，文件名为附件8-固定资产处置申请表 
2017-02-23 21:21:23 INFO  GeoCompass FrameworkCore.Utils.SystemLogger.Info(:0) mySQL数据库初始化成功 
2017-02-23 21:21:28 ERROR  GeoCompass FrameworkCore.Utils.SystemLogger.Error(:0) 未能找到对应的模板文件，文件名为附件19-固定资产验收及入库单（设备S） 
2017-02-23 21:21:28 ERROR  GeoCompass FrameworkCore.Utils.SystemLogger.Error(:0) 未能找到对应的模板文件，文件名为附件3-固定资产验收及入库单（房屋F、土地T、交通Q） 
2017-02-23 21:21:28 ERROR  GeoCompass FrameworkCore.Utils.SystemLogger.Error(:0) 未能找到对应的模板文件，文件名为附件5-固定资产管理信息变更表 
2017-02-23 21:21:28 ERROR  GeoCompass FrameworkCore.Utils.SystemLogger.Error(:0) 未能找到对应的模板文件，文件名为附件9-低值易耗品购置申请表 
2017-02-23 21:21:28 ERROR  GeoCompass FrameworkCore.Utils.SystemLogger.Error(:0) 未能找到对应的模板文件，文件名为附件8-固定资产处置申请表 
2017-02-23 21:22:50 INFO  GeoCompass FrameworkCore.Utils.SystemLogger.Info(:0) mySQL数据库初始化成功 
2017-02-23 21:22:57 ERROR  GeoCompass FrameworkCore.Utils.SystemLogger.Error(:0) 未能找到对应的模板文件，文件名为附件19-固定资产验收及入库单（设备S） 
2017-02-23 21:22:57 ERROR  GeoCompass FrameworkCore.Utils.SystemLogger.Error(:0) 未能找到对应的模板文件，文件名为附件3-固定资产验收及入库单（房屋F、土地T、交通Q） 
2017-02-23 21:22:57 ERROR  GeoCompass FrameworkCore.Utils.SystemLogger.Error(:0) 未能找到对应的模板文件，文件名为附件5-固定资产管理信息变更表 
2017-02-23 21:22:57 ERROR  GeoCompass FrameworkCore.Utils.SystemLogger.Error(:0) 未能找到对应的模板文件，文件名为附件9-低值易耗品购置申请表 
2017-02-23 21:22:57 ERROR  GeoCompass FrameworkCore.Utils.SystemLogger.Error(:0) 未能找到对应的模板文件，文件名为附件8-固定资产处置申请表 
2017-02-23 22:09:41 INFO  GeoCompass FrameworkCore.Utils.SystemLogger.Info(:0) mySQL数据库初始化成功 
2017-02-23 22:09:58 ERROR  GeoCompass FrameworkCore.Utils.SystemLogger.Error(:0) 未能找到对应的模板文件，文件名为附件19-固定资产验收及入库单（设备S） 
2017-02-23 22:09:58 ERROR  GeoCompass FrameworkCore.Utils.SystemLogger.Error(:0) 未能找到对应的模板文件，文件名为附件3-固定资产验收及入库单（房屋F、土地T、交通Q） 
2017-02-23 22:09:59 ERROR  GeoCompass FrameworkCore.Utils.SystemLogger.Error(:0) 未能找到对应的模板文件，文件名为附件5-固定资产管理信息变更表 
2017-02-23 22:09:59 ERROR  GeoCompass FrameworkCore.Utils.SystemLogger.Error(:0) 未能找到对应的模板文件，文件名为附件8-固定资产处置申请表 
