2017-02-22 08:59:02 INFO  GeoCompass FrameworkCore.Utils.SystemLogger.Info(:0) mySQL数据库初始化成功 
2017-02-22 08:59:38 INFO  GeoCompass FrameworkCore.Utils.SystemLogger.Info(:0) mySQL数据库初始化成功 
2017-02-22 09:00:31 ERROR  GeoCompass FrameworkCore.Utils.SystemLogger.Error(:0) 未能找到对应的模板文件，文件名为附件19-固定资产验收及入库单（设备S） 
2017-02-22 09:00:31 ERROR  GeoCompass FrameworkCore.Utils.SystemLogger.Error(:0) 未能找到对应的模板文件，文件名为附件3-固定资产验收及入库单（房屋F、土地T、交通Q） 
2017-02-22 09:00:31 ERROR  GeoCompass FrameworkCore.Utils.SystemLogger.Error(:0) 未能找到对应的模板文件，文件名为附件6-固定资产调配调拨单 
2017-02-22 09:00:31 ERROR  GeoCompass FrameworkCore.Utils.SystemLogger.Error(:0) 未能找到对应的模板文件，文件名为附件5-固定资产管理信息变更表 
2017-02-22 09:00:32 ERROR  GeoCompass FrameworkCore.Utils.SystemLogger.Error(:0) 未能找到对应的模板文件，文件名为附件9-低值易耗品购置申请表 
2017-02-22 09:00:32 ERROR  GeoCompass FrameworkCore.Utils.SystemLogger.Error(:0) 未能找到对应的模板文件，文件名为附件8-固定资产处置申请表 
2017-02-22 09:22:23 INFO  GeoCompass FrameworkCore.Utils.SystemLogger.Info(:0) mySQL数据库初始化成功 
2017-02-22 09:22:37 ERROR  GeoCompass FrameworkCore.Utils.SystemLogger.Error(:0) 未能找到对应的模板文件，文件名为附件19-固定资产验收及入库单（设备S） 
2017-02-22 09:22:37 ERROR  GeoCompass FrameworkCore.Utils.SystemLogger.Error(:0) 未能找到对应的模板文件，文件名为附件3-固定资产验收及入库单（房屋F、土地T、交通Q） 
2017-02-22 09:22:38 ERROR  GeoCompass FrameworkCore.Utils.SystemLogger.Error(:0) 未能找到对应的模板文件，文件名为附件6-固定资产调配调拨单 
2017-02-22 09:22:38 ERROR  GeoCompass FrameworkCore.Utils.SystemLogger.Error(:0) 未能找到对应的模板文件，文件名为附件5-固定资产管理信息变更表 
2017-02-22 09:22:38 ERROR  GeoCompass FrameworkCore.Utils.SystemLogger.Error(:0) 未能找到对应的模板文件，文件名为附件9-低值易耗品购置申请表 
2017-02-22 09:22:38 ERROR  GeoCompass FrameworkCore.Utils.SystemLogger.Error(:0) 未能找到对应的模板文件，文件名为附件8-固定资产处置申请表 
2017-02-22 09:23:40 ERROR  GeoCompass FrameworkCore.Utils.SystemLogger.Error(:0) System.IO.IOException: 文件“附件7-固定资产借出登记申请表20170222091919.doc”正由另一进程使用，因此该进程无法访问此文件。
   在 System.IO.__Error.WinIOError(Int32 errorCode, String maybeFullPath)
   在 System.IO.FileInfo.Delete()
   在 GCHeritagePlatform.JCBG.WordCode.BaseWord.Save(String saveName) 位置 G:\中心OA\Code\Service\GCHeritagePlatform\GCHeritagePlatform\JCBG\WordCode\BusinessWord.cs:行号 116 
2017-02-22 09:30:51 INFO  GeoCompass FrameworkCore.Utils.SystemLogger.Info(:0) mySQL数据库初始化成功 
2017-02-22 09:30:58 ERROR  GeoCompass FrameworkCore.Utils.SystemLogger.Error(:0) 未能找到对应的模板文件，文件名为附件19-固定资产验收及入库单（设备S） 
2017-02-22 09:30:58 ERROR  GeoCompass FrameworkCore.Utils.SystemLogger.Error(:0) 未能找到对应的模板文件，文件名为附件3-固定资产验收及入库单（房屋F、土地T、交通Q） 
2017-02-22 09:30:58 ERROR  GeoCompass FrameworkCore.Utils.SystemLogger.Error(:0) 未能找到对应的模板文件，文件名为附件6-固定资产调配调拨单 
2017-02-22 09:30:58 ERROR  GeoCompass FrameworkCore.Utils.SystemLogger.Error(:0) 未能找到对应的模板文件，文件名为附件5-固定资产管理信息变更表 
2017-02-22 09:30:58 ERROR  GeoCompass FrameworkCore.Utils.SystemLogger.Error(:0) 未能找到对应的模板文件，文件名为附件9-低值易耗品购置申请表 
2017-02-22 09:30:58 ERROR  GeoCompass FrameworkCore.Utils.SystemLogger.Error(:0) 未能找到对应的模板文件，文件名为附件8-固定资产处置申请表 
2017-02-22 09:45:22 INFO  GeoCompass FrameworkCore.Utils.SystemLogger.Info(:0) mySQL数据库初始化成功 
2017-02-22 09:45:42 ERROR  GeoCompass FrameworkCore.Utils.SystemLogger.Error(:0) 未能找到对应的模板文件，文件名为附件19-固定资产验收及入库单（设备S） 
2017-02-22 09:45:42 ERROR  GeoCompass FrameworkCore.Utils.SystemLogger.Error(:0) 未能找到对应的模板文件，文件名为附件3-固定资产验收及入库单（房屋F、土地T、交通Q） 
2017-02-22 09:45:42 ERROR  GeoCompass FrameworkCore.Utils.SystemLogger.Error(:0) 未能找到对应的模板文件，文件名为附件6-固定资产调配调拨单 
2017-02-22 09:45:42 ERROR  GeoCompass FrameworkCore.Utils.SystemLogger.Error(:0) 未能找到对应的模板文件，文件名为附件5-固定资产管理信息变更表 
2017-02-22 09:45:42 ERROR  GeoCompass FrameworkCore.Utils.SystemLogger.Error(:0) 未能找到对应的模板文件，文件名为附件9-低值易耗品购置申请表 
2017-02-22 09:45:42 ERROR  GeoCompass FrameworkCore.Utils.SystemLogger.Error(:0) 未能找到对应的模板文件，文件名为附件8-固定资产处置申请表 
2017-02-22 09:59:50 INFO  GeoCompass FrameworkCore.Utils.SystemLogger.Info(:0) mySQL数据库初始化成功 
2017-02-22 09:59:59 ERROR  GeoCompass FrameworkCore.Utils.SystemLogger.Error(:0) 未能找到对应的模板文件，文件名为附件19-固定资产验收及入库单（设备S） 
2017-02-22 09:59:59 ERROR  GeoCompass FrameworkCore.Utils.SystemLogger.Error(:0) 未能找到对应的模板文件，文件名为附件3-固定资产验收及入库单（房屋F、土地T、交通Q） 
2017-02-22 09:59:59 ERROR  GeoCompass FrameworkCore.Utils.SystemLogger.Error(:0) 未能找到对应的模板文件，文件名为附件6-固定资产调配调拨单 
2017-02-22 09:59:59 ERROR  GeoCompass FrameworkCore.Utils.SystemLogger.Error(:0) 未能找到对应的模板文件，文件名为附件5-固定资产管理信息变更表 
2017-02-22 09:59:59 ERROR  GeoCompass FrameworkCore.Utils.SystemLogger.Error(:0) 未能找到对应的模板文件，文件名为附件9-低值易耗品购置申请表 
2017-02-22 09:59:59 ERROR  GeoCompass FrameworkCore.Utils.SystemLogger.Error(:0) 未能找到对应的模板文件，文件名为附件8-固定资产处置申请表 
2017-02-22 10:01:28 INFO  GeoCompass FrameworkCore.Utils.SystemLogger.Info(:0) mySQL数据库初始化成功 
2017-02-22 10:01:38 ERROR  GeoCompass FrameworkCore.Utils.SystemLogger.Error(:0) 未能找到对应的模板文件，文件名为附件19-固定资产验收及入库单（设备S） 
2017-02-22 10:01:38 ERROR  GeoCompass FrameworkCore.Utils.SystemLogger.Error(:0) 未能找到对应的模板文件，文件名为附件3-固定资产验收及入库单（房屋F、土地T、交通Q） 
2017-02-22 10:01:38 ERROR  GeoCompass FrameworkCore.Utils.SystemLogger.Error(:0) 未能找到对应的模板文件，文件名为附件6-固定资产调配调拨单 
2017-02-22 10:01:38 ERROR  GeoCompass FrameworkCore.Utils.SystemLogger.Error(:0) 未能找到对应的模板文件，文件名为附件5-固定资产管理信息变更表 
2017-02-22 10:01:38 ERROR  GeoCompass FrameworkCore.Utils.SystemLogger.Error(:0) 未能找到对应的模板文件，文件名为附件9-低值易耗品购置申请表 
2017-02-22 10:01:38 ERROR  GeoCompass FrameworkCore.Utils.SystemLogger.Error(:0) 未能找到对应的模板文件，文件名为附件8-固定资产处置申请表 
2017-02-22 11:21:16 INFO  GeoCompass FrameworkCore.Utils.SystemLogger.Info(:0) mySQL数据库初始化成功 
2017-02-22 11:21:32 ERROR  GeoCompass FrameworkCore.Utils.SystemLogger.Error(:0) 未能找到对应的模板文件，文件名为附件19-固定资产验收及入库单（设备S） 
2017-02-22 11:21:32 ERROR  GeoCompass FrameworkCore.Utils.SystemLogger.Error(:0) 未能找到对应的模板文件，文件名为附件3-固定资产验收及入库单（房屋F、土地T、交通Q） 
2017-02-22 11:21:33 ERROR  GeoCompass FrameworkCore.Utils.SystemLogger.Error(:0) 未能找到对应的模板文件，文件名为附件6-固定资产调配调拨单 
2017-02-22 11:21:33 ERROR  GeoCompass FrameworkCore.Utils.SystemLogger.Error(:0) 未能找到对应的模板文件，文件名为附件5-固定资产管理信息变更表 
2017-02-22 11:21:33 ERROR  GeoCompass FrameworkCore.Utils.SystemLogger.Error(:0) 未能找到对应的模板文件，文件名为附件9-低值易耗品购置申请表 
2017-02-22 11:21:33 ERROR  GeoCompass FrameworkCore.Utils.SystemLogger.Error(:0) 未能找到对应的模板文件，文件名为附件8-固定资产处置申请表 
2017-02-22 12:30:54 INFO  GeoCompass FrameworkCore.Utils.SystemLogger.Info(:0) mySQL数据库初始化成功 
2017-02-22 12:31:07 ERROR  GeoCompass FrameworkCore.Utils.SystemLogger.Error(:0) 未能找到对应的模板文件，文件名为附件19-固定资产验收及入库单（设备S） 
2017-02-22 12:31:07 ERROR  GeoCompass FrameworkCore.Utils.SystemLogger.Error(:0) 未能找到对应的模板文件，文件名为附件3-固定资产验收及入库单（房屋F、土地T、交通Q） 
2017-02-22 12:31:07 ERROR  GeoCompass FrameworkCore.Utils.SystemLogger.Error(:0) 未能找到对应的模板文件，文件名为附件6-固定资产调配调拨单 
2017-02-22 12:31:07 ERROR  GeoCompass FrameworkCore.Utils.SystemLogger.Error(:0) 未能找到对应的模板文件，文件名为附件5-固定资产管理信息变更表 
2017-02-22 12:31:07 ERROR  GeoCompass FrameworkCore.Utils.SystemLogger.Error(:0) 未能找到对应的模板文件，文件名为附件9-低值易耗品购置申请表 
2017-02-22 12:31:08 ERROR  GeoCompass FrameworkCore.Utils.SystemLogger.Error(:0) 未能找到对应的模板文件，文件名为附件8-固定资产处置申请表 
2017-02-22 19:57:39 INFO  GeoCompass FrameworkCore.Utils.SystemLogger.Info(:0) mySQL数据库初始化成功 
2017-02-22 19:57:52 ERROR  GeoCompass FrameworkCore.Utils.SystemLogger.Error(:0) 未能找到对应的模板文件，文件名为附件19-固定资产验收及入库单（设备S） 
2017-02-22 19:57:53 ERROR  GeoCompass FrameworkCore.Utils.SystemLogger.Error(:0) 未能找到对应的模板文件，文件名为附件3-固定资产验收及入库单（房屋F、土地T、交通Q） 
2017-02-22 19:57:53 ERROR  GeoCompass FrameworkCore.Utils.SystemLogger.Error(:0) 未能找到对应的模板文件，文件名为附件6-固定资产调配调拨单 
2017-02-22 19:57:53 ERROR  GeoCompass FrameworkCore.Utils.SystemLogger.Error(:0) 未能找到对应的模板文件，文件名为附件5-固定资产管理信息变更表 
2017-02-22 19:57:53 ERROR  GeoCompass FrameworkCore.Utils.SystemLogger.Error(:0) 未能找到对应的模板文件，文件名为附件9-低值易耗品购置申请表 
2017-02-22 19:57:54 ERROR  GeoCompass FrameworkCore.Utils.SystemLogger.Error(:0) 未能找到对应的模板文件，文件名为附件8-固定资产处置申请表 
2017-02-22 20:25:55 INFO  GeoCompass FrameworkCore.Utils.SystemLogger.Info(:0) mySQL数据库初始化成功 
2017-02-22 20:26:03 ERROR  GeoCompass FrameworkCore.Utils.SystemLogger.Error(:0) 未能找到对应的模板文件，文件名为附件19-固定资产验收及入库单（设备S） 
2017-02-22 20:26:03 ERROR  GeoCompass FrameworkCore.Utils.SystemLogger.Error(:0) 未能找到对应的模板文件，文件名为附件3-固定资产验收及入库单（房屋F、土地T、交通Q） 
2017-02-22 20:26:03 ERROR  GeoCompass FrameworkCore.Utils.SystemLogger.Error(:0) 未能找到对应的模板文件，文件名为附件6-固定资产调配调拨单 
2017-02-22 20:26:03 ERROR  GeoCompass FrameworkCore.Utils.SystemLogger.Error(:0) 未能找到对应的模板文件，文件名为附件5-固定资产管理信息变更表 
2017-02-22 20:26:03 ERROR  GeoCompass FrameworkCore.Utils.SystemLogger.Error(:0) 未能找到对应的模板文件，文件名为附件9-低值易耗品购置申请表 
2017-02-22 20:26:03 ERROR  GeoCompass FrameworkCore.Utils.SystemLogger.Error(:0) 未能找到对应的模板文件，文件名为附件8-固定资产处置申请表 
2017-02-22 20:31:19 INFO  GeoCompass FrameworkCore.Utils.SystemLogger.Info(:0) mySQL数据库初始化成功 
2017-02-22 20:31:25 ERROR  GeoCompass FrameworkCore.Utils.SystemLogger.Error(:0) 未能找到对应的模板文件，文件名为附件19-固定资产验收及入库单（设备S） 
2017-02-22 20:31:25 ERROR  GeoCompass FrameworkCore.Utils.SystemLogger.Error(:0) 未能找到对应的模板文件，文件名为附件3-固定资产验收及入库单（房屋F、土地T、交通Q） 
2017-02-22 20:31:25 ERROR  GeoCompass FrameworkCore.Utils.SystemLogger.Error(:0) 未能找到对应的模板文件，文件名为附件6-固定资产调配调拨单 
2017-02-22 20:31:25 ERROR  GeoCompass FrameworkCore.Utils.SystemLogger.Error(:0) 未能找到对应的模板文件，文件名为附件5-固定资产管理信息变更表 
2017-02-22 20:31:25 ERROR  GeoCompass FrameworkCore.Utils.SystemLogger.Error(:0) 未能找到对应的模板文件，文件名为附件9-低值易耗品购置申请表 
2017-02-22 20:31:25 ERROR  GeoCompass FrameworkCore.Utils.SystemLogger.Error(:0) 未能找到对应的模板文件，文件名为附件8-固定资产处置申请表 
2017-02-22 20:42:46 INFO  GeoCompass FrameworkCore.Utils.SystemLogger.Info(:0) mySQL数据库初始化成功 
2017-02-22 20:43:11 ERROR  GeoCompass FrameworkCore.Utils.SystemLogger.Error(:0) 未能找到对应的模板文件，文件名为附件19-固定资产验收及入库单（设备S） 
2017-02-22 20:43:11 ERROR  GeoCompass FrameworkCore.Utils.SystemLogger.Error(:0) 未能找到对应的模板文件，文件名为附件3-固定资产验收及入库单（房屋F、土地T、交通Q） 
2017-02-22 20:43:11 ERROR  GeoCompass FrameworkCore.Utils.SystemLogger.Error(:0) 未能找到对应的模板文件，文件名为附件6-固定资产调配调拨单 
2017-02-22 20:43:11 ERROR  GeoCompass FrameworkCore.Utils.SystemLogger.Error(:0) 未能找到对应的模板文件，文件名为附件5-固定资产管理信息变更表 
2017-02-22 20:43:11 ERROR  GeoCompass FrameworkCore.Utils.SystemLogger.Error(:0) 未能找到对应的模板文件，文件名为附件9-低值易耗品购置申请表 
2017-02-22 20:43:11 ERROR  GeoCompass FrameworkCore.Utils.SystemLogger.Error(:0) 未能找到对应的模板文件，文件名为附件8-固定资产处置申请表 
2017-02-22 20:43:19 ERROR  GeoCompass FrameworkCore.Utils.SystemLogger.Error(:0) System.IO.IOException: 文件“附件7-固定资产借出登记申请表20170222203809.doc”正由另一进程使用，因此该进程无法访问此文件。
   在 System.IO.__Error.WinIOError(Int32 errorCode, String maybeFullPath)
   在 System.IO.FileInfo.Delete()
   在 GCHeritagePlatform.JCBG.WordCode.BaseWord.Save(String saveName) 位置 G:\中心OA\Code\Service\GCHeritagePlatform\GCHeritagePlatform\JCBG\WordCode\BusinessWord.cs:行号 116 
2017-02-22 21:02:34 INFO  GeoCompass FrameworkCore.Utils.SystemLogger.Info(:0) mySQL数据库初始化成功 
2017-02-22 21:02:38 ERROR  GeoCompass FrameworkCore.Utils.SystemLogger.Error(:0) 未能找到对应的模板文件，文件名为附件19-固定资产验收及入库单（设备S） 
2017-02-22 21:02:38 ERROR  GeoCompass FrameworkCore.Utils.SystemLogger.Error(:0) 未能找到对应的模板文件，文件名为附件3-固定资产验收及入库单（房屋F、土地T、交通Q） 
2017-02-22 21:02:38 ERROR  GeoCompass FrameworkCore.Utils.SystemLogger.Error(:0) 未能找到对应的模板文件，文件名为附件6-固定资产调配调拨单 
2017-02-22 21:02:38 ERROR  GeoCompass FrameworkCore.Utils.SystemLogger.Error(:0) 未能找到对应的模板文件，文件名为附件5-固定资产管理信息变更表 
2017-02-22 21:02:38 ERROR  GeoCompass FrameworkCore.Utils.SystemLogger.Error(:0) 未能找到对应的模板文件，文件名为附件9-低值易耗品购置申请表 
2017-02-22 21:02:39 ERROR  GeoCompass FrameworkCore.Utils.SystemLogger.Error(:0) 未能找到对应的模板文件，文件名为附件8-固定资产处置申请表 
2017-02-22 21:04:23 INFO  GeoCompass FrameworkCore.Utils.SystemLogger.Info(:0) mySQL数据库初始化成功 
2017-02-22 21:04:28 ERROR  GeoCompass FrameworkCore.Utils.SystemLogger.Error(:0) 未能找到对应的模板文件，文件名为附件19-固定资产验收及入库单（设备S） 
2017-02-22 21:04:28 ERROR  GeoCompass FrameworkCore.Utils.SystemLogger.Error(:0) 未能找到对应的模板文件，文件名为附件3-固定资产验收及入库单（房屋F、土地T、交通Q） 
2017-02-22 21:04:29 ERROR  GeoCompass FrameworkCore.Utils.SystemLogger.Error(:0) 未能找到对应的模板文件，文件名为附件6-固定资产调配调拨单 
2017-02-22 21:04:29 ERROR  GeoCompass FrameworkCore.Utils.SystemLogger.Error(:0) 未能找到对应的模板文件，文件名为附件5-固定资产管理信息变更表 
2017-02-22 21:04:29 ERROR  GeoCompass FrameworkCore.Utils.SystemLogger.Error(:0) 未能找到对应的模板文件，文件名为附件9-低值易耗品购置申请表 
2017-02-22 21:04:29 ERROR  GeoCompass FrameworkCore.Utils.SystemLogger.Error(:0) 未能找到对应的模板文件，文件名为附件8-固定资产处置申请表 
2017-02-22 21:06:08 INFO  GeoCompass FrameworkCore.Utils.SystemLogger.Info(:0) mySQL数据库初始化成功 
2017-02-22 21:06:12 ERROR  GeoCompass FrameworkCore.Utils.SystemLogger.Error(:0) 未能找到对应的模板文件，文件名为附件19-固定资产验收及入库单（设备S） 
2017-02-22 21:06:12 ERROR  GeoCompass FrameworkCore.Utils.SystemLogger.Error(:0) 未能找到对应的模板文件，文件名为附件3-固定资产验收及入库单（房屋F、土地T、交通Q） 
2017-02-22 21:06:12 ERROR  GeoCompass FrameworkCore.Utils.SystemLogger.Error(:0) 未能找到对应的模板文件，文件名为附件6-固定资产调配调拨单 
2017-02-22 21:06:12 ERROR  GeoCompass FrameworkCore.Utils.SystemLogger.Error(:0) 未能找到对应的模板文件，文件名为附件5-固定资产管理信息变更表 
2017-02-22 21:06:12 ERROR  GeoCompass FrameworkCore.Utils.SystemLogger.Error(:0) 未能找到对应的模板文件，文件名为附件9-低值易耗品购置申请表 
2017-02-22 21:06:12 ERROR  GeoCompass FrameworkCore.Utils.SystemLogger.Error(:0) 未能找到对应的模板文件，文件名为附件8-固定资产处置申请表 
2017-02-22 21:14:04 ERROR  GeoCompass FrameworkCore.Utils.SystemLogger.Error(:0) System.IO.IOException: 文件“附件7-国家基础地理信息中心涉密干部因私事出国(境)领用表and保密表and审批表涉密and审批表非涉密20170222211040.doc”正由另一进程使用，因此该进程无法访问此文件。
   在 System.IO.__Error.WinIOError(Int32 errorCode, String maybeFullPath)
   在 System.IO.FileInfo.Delete()
   在 GCHeritagePlatform.JCBG.WordCode.BaseWord.Save(String saveName) 位置 G:\中心OA\Code\Service\GCHeritagePlatform\GCHeritagePlatform\JCBG\WordCode\BusinessWord.cs:行号 116 
2017-02-22 21:20:01 INFO  GeoCompass FrameworkCore.Utils.SystemLogger.Info(:0) mySQL数据库初始化成功 
2017-02-22 21:20:07 ERROR  GeoCompass FrameworkCore.Utils.SystemLogger.Error(:0) 未能找到对应的模板文件，文件名为附件19-固定资产验收及入库单（设备S） 
2017-02-22 21:20:07 ERROR  GeoCompass FrameworkCore.Utils.SystemLogger.Error(:0) 未能找到对应的模板文件，文件名为附件3-固定资产验收及入库单（房屋F、土地T、交通Q） 
2017-02-22 21:20:07 ERROR  GeoCompass FrameworkCore.Utils.SystemLogger.Error(:0) 未能找到对应的模板文件，文件名为附件6-固定资产调配调拨单 
2017-02-22 21:20:07 ERROR  GeoCompass FrameworkCore.Utils.SystemLogger.Error(:0) 未能找到对应的模板文件，文件名为附件5-固定资产管理信息变更表 
2017-02-22 21:20:07 ERROR  GeoCompass FrameworkCore.Utils.SystemLogger.Error(:0) 未能找到对应的模板文件，文件名为附件9-低值易耗品购置申请表 
2017-02-22 21:20:08 ERROR  GeoCompass FrameworkCore.Utils.SystemLogger.Error(:0) 未能找到对应的模板文件，文件名为附件8-固定资产处置申请表 
2017-02-22 21:20:14 ERROR  GeoCompass FrameworkCore.Utils.SystemLogger.Error(:0) System.IO.IOException: 文件“附件7-国家基础地理信息中心涉密干部因私事出国(境)领用表and保密表and审批表涉密and审批表非涉密20170222211040.doc”正由另一进程使用，因此该进程无法访问此文件。
   在 System.IO.__Error.WinIOError(Int32 errorCode, String maybeFullPath)
   在 System.IO.FileInfo.Delete()
   在 GCHeritagePlatform.JCBG.WordCode.BaseWord.Save(String saveName) 位置 G:\中心OA\Code\Service\GCHeritagePlatform\GCHeritagePlatform\JCBG\WordCode\BusinessWord.cs:行号 116 
2017-02-22 21:20:51 ERROR  GeoCompass FrameworkCore.Utils.SystemLogger.Error(:0) System.IO.IOException: 文件“附件7-国家基础地理信息中心涉密干部因私事出国(境)领用表and保密表and审批表涉密and审批表非涉密20170222211040.doc”正由另一进程使用，因此该进程无法访问此文件。
   在 System.IO.__Error.WinIOError(Int32 errorCode, String maybeFullPath)
   在 System.IO.FileInfo.Delete()
   在 GCHeritagePlatform.JCBG.WordCode.BaseWord.Save(String saveName) 位置 G:\中心OA\Code\Service\GCHeritagePlatform\GCHeritagePlatform\JCBG\WordCode\BusinessWord.cs:行号 116 
