2017-02-14 10:11:24 INFO  GeoCompass FrameworkCore.Utils.SystemLogger.Info(:0) mySQL数据库初始化成功 
2017-02-14 10:12:30 ERROR  GeoCompass FrameworkCore.Utils.SystemLogger.Error(:0) 未能找到对应的模板文件，文件名为附件19-固定资产验收及入库单（设备S） 
2017-02-14 10:12:30 ERROR  GeoCompass FrameworkCore.Utils.SystemLogger.Error(:0) 未能找到对应的模板文件，文件名为附件3-固定资产验收及入库单（房屋F、土地T、交通Q） 
2017-02-14 10:12:31 ERROR  GeoCompass FrameworkCore.Utils.SystemLogger.Error(:0) 未能找到对应的模板文件，文件名为附件7-固定资产借出登记申请表 
2017-02-14 10:12:31 ERROR  GeoCompass FrameworkCore.Utils.SystemLogger.Error(:0) 未能找到对应的模板文件，文件名为附件6-固定资产调配调拨单 
2017-02-14 10:12:31 ERROR  GeoCompass FrameworkCore.Utils.SystemLogger.Error(:0) 未能找到对应的模板文件，文件名为附件5-固定资产管理信息变更表 
2017-02-14 10:12:31 ERROR  GeoCompass FrameworkCore.Utils.SystemLogger.Error(:0) 未能找到对应的模板文件，文件名为附件9-低值易耗品购置申请表 
2017-02-14 10:12:31 ERROR  GeoCompass FrameworkCore.Utils.SystemLogger.Error(:0) 未能找到对应的模板文件，文件名为附件8-固定资产处置申请表 
2017-02-14 11:03:05 INFO  GeoCompass FrameworkCore.Utils.SystemLogger.Info(:0) mySQL数据库初始化成功 
2017-02-14 11:03:41 ERROR  GeoCompass FrameworkCore.Utils.SystemLogger.Error(:0) 未能找到对应的模板文件，文件名为附件19-固定资产验收及入库单（设备S） 
2017-02-14 11:03:41 ERROR  GeoCompass FrameworkCore.Utils.SystemLogger.Error(:0) 未能找到对应的模板文件，文件名为附件3-固定资产验收及入库单（房屋F、土地T、交通Q） 
2017-02-14 11:03:41 ERROR  GeoCompass FrameworkCore.Utils.SystemLogger.Error(:0) 未能找到对应的模板文件，文件名为附件7-固定资产借出登记申请表 
2017-02-14 11:03:41 ERROR  GeoCompass FrameworkCore.Utils.SystemLogger.Error(:0) 未能找到对应的模板文件，文件名为附件6-固定资产调配调拨单 
2017-02-14 11:03:41 ERROR  GeoCompass FrameworkCore.Utils.SystemLogger.Error(:0) 未能找到对应的模板文件，文件名为附件5-固定资产管理信息变更表 
2017-02-14 11:03:41 ERROR  GeoCompass FrameworkCore.Utils.SystemLogger.Error(:0) 未能找到对应的模板文件，文件名为附件9-低值易耗品购置申请表 
2017-02-14 11:03:42 ERROR  GeoCompass FrameworkCore.Utils.SystemLogger.Error(:0) 未能找到对应的模板文件，文件名为附件8-固定资产处置申请表 
2017-02-14 11:11:48 INFO  GeoCompass FrameworkCore.Utils.SystemLogger.Info(:0) mySQL数据库初始化成功 
2017-02-14 11:11:58 ERROR  GeoCompass FrameworkCore.Utils.SystemLogger.Error(:0) 未能找到对应的模板文件，文件名为附件19-固定资产验收及入库单（设备S） 
2017-02-14 11:11:58 ERROR  GeoCompass FrameworkCore.Utils.SystemLogger.Error(:0) 未能找到对应的模板文件，文件名为附件3-固定资产验收及入库单（房屋F、土地T、交通Q） 
2017-02-14 11:11:58 ERROR  GeoCompass FrameworkCore.Utils.SystemLogger.Error(:0) 未能找到对应的模板文件，文件名为附件7-固定资产借出登记申请表 
2017-02-14 11:11:58 ERROR  GeoCompass FrameworkCore.Utils.SystemLogger.Error(:0) 未能找到对应的模板文件，文件名为附件6-固定资产调配调拨单 
2017-02-14 11:11:59 ERROR  GeoCompass FrameworkCore.Utils.SystemLogger.Error(:0) 未能找到对应的模板文件，文件名为附件5-固定资产管理信息变更表 
2017-02-14 11:11:59 ERROR  GeoCompass FrameworkCore.Utils.SystemLogger.Error(:0) 未能找到对应的模板文件，文件名为附件9-低值易耗品购置申请表 
2017-02-14 11:11:59 ERROR  GeoCompass FrameworkCore.Utils.SystemLogger.Error(:0) 未能找到对应的模板文件，文件名为附件8-固定资产处置申请表 
2017-02-14 11:23:17 INFO  GeoCompass FrameworkCore.Utils.SystemLogger.Info(:0) mySQL数据库初始化成功 
2017-02-14 11:24:33 ERROR  GeoCompass GCHeritagePlatform.Services.ExportConfig..ctor(G:\中心OA\Code\Service\GCHeritagePlatform\GCHeritagePlatform\Services\BookMarkBase.cs:69) 未能找到对应的模板文件，文件名为附件19-固定资产验收及入库单（设备S） 
2017-02-14 11:24:33 ERROR  GeoCompass GCHeritagePlatform.Services.ExportConfig..ctor(G:\中心OA\Code\Service\GCHeritagePlatform\GCHeritagePlatform\Services\BookMarkBase.cs:69) 未能找到对应的模板文件，文件名为附件3-固定资产验收及入库单（房屋F、土地T、交通Q） 
2017-02-14 11:24:33 ERROR  GeoCompass GCHeritagePlatform.Services.ExportConfig..ctor(G:\中心OA\Code\Service\GCHeritagePlatform\GCHeritagePlatform\Services\BookMarkBase.cs:69) 未能找到对应的模板文件，文件名为附件7-固定资产借出登记申请表 
2017-02-14 11:24:33 ERROR  GeoCompass GCHeritagePlatform.Services.ExportConfig..ctor(G:\中心OA\Code\Service\GCHeritagePlatform\GCHeritagePlatform\Services\BookMarkBase.cs:69) 未能找到对应的模板文件，文件名为附件6-固定资产调配调拨单 
2017-02-14 11:24:33 ERROR  GeoCompass GCHeritagePlatform.Services.ExportConfig..ctor(G:\中心OA\Code\Service\GCHeritagePlatform\GCHeritagePlatform\Services\BookMarkBase.cs:69) 未能找到对应的模板文件，文件名为附件5-固定资产管理信息变更表 
2017-02-14 11:24:33 ERROR  GeoCompass GCHeritagePlatform.Services.ExportConfig..ctor(G:\中心OA\Code\Service\GCHeritagePlatform\GCHeritagePlatform\Services\BookMarkBase.cs:69) 未能找到对应的模板文件，文件名为附件9-低值易耗品购置申请表 
2017-02-14 11:24:33 ERROR  GeoCompass GCHeritagePlatform.Services.ExportConfig..ctor(G:\中心OA\Code\Service\GCHeritagePlatform\GCHeritagePlatform\Services\BookMarkBase.cs:69) 未能找到对应的模板文件，文件名为附件8-固定资产处置申请表 
2017-02-14 11:25:26 INFO  GeoCompass FrameworkCore.Utils.SystemLogger.Info(:0) mySQL数据库初始化成功 
2017-02-14 11:25:33 ERROR  GeoCompass GCHeritagePlatform.Services.ExportConfig..ctor(G:\中心OA\Code\Service\GCHeritagePlatform\GCHeritagePlatform\Services\BookMarkBase.cs:69) 未能找到对应的模板文件，文件名为附件19-固定资产验收及入库单（设备S） 
2017-02-14 11:25:33 ERROR  GeoCompass GCHeritagePlatform.Services.ExportConfig..ctor(G:\中心OA\Code\Service\GCHeritagePlatform\GCHeritagePlatform\Services\BookMarkBase.cs:69) 未能找到对应的模板文件，文件名为附件3-固定资产验收及入库单（房屋F、土地T、交通Q） 
2017-02-14 11:25:33 ERROR  GeoCompass GCHeritagePlatform.Services.ExportConfig..ctor(G:\中心OA\Code\Service\GCHeritagePlatform\GCHeritagePlatform\Services\BookMarkBase.cs:69) 未能找到对应的模板文件，文件名为附件7-固定资产借出登记申请表 
2017-02-14 11:25:33 ERROR  GeoCompass GCHeritagePlatform.Services.ExportConfig..ctor(G:\中心OA\Code\Service\GCHeritagePlatform\GCHeritagePlatform\Services\BookMarkBase.cs:69) 未能找到对应的模板文件，文件名为附件6-固定资产调配调拨单 
2017-02-14 11:25:33 ERROR  GeoCompass GCHeritagePlatform.Services.ExportConfig..ctor(G:\中心OA\Code\Service\GCHeritagePlatform\GCHeritagePlatform\Services\BookMarkBase.cs:69) 未能找到对应的模板文件，文件名为附件5-固定资产管理信息变更表 
2017-02-14 11:25:33 ERROR  GeoCompass GCHeritagePlatform.Services.ExportConfig..ctor(G:\中心OA\Code\Service\GCHeritagePlatform\GCHeritagePlatform\Services\BookMarkBase.cs:69) 未能找到对应的模板文件，文件名为附件9-低值易耗品购置申请表 
2017-02-14 11:25:33 ERROR  GeoCompass GCHeritagePlatform.Services.ExportConfig..ctor(G:\中心OA\Code\Service\GCHeritagePlatform\GCHeritagePlatform\Services\BookMarkBase.cs:69) 未能找到对应的模板文件，文件名为附件8-固定资产处置申请表 
2017-02-14 11:28:01 INFO  GeoCompass FrameworkCore.Utils.SystemLogger.Info(:0) mySQL数据库初始化成功 
2017-02-14 11:28:42 ERROR  GeoCompass GCHeritagePlatform.Services.ExportConfig..ctor(G:\中心OA\Code\Service\GCHeritagePlatform\GCHeritagePlatform\Services\BookMarkBase.cs:69) 未能找到对应的模板文件，文件名为附件19-固定资产验收及入库单（设备S） 
2017-02-14 11:28:42 ERROR  GeoCompass GCHeritagePlatform.Services.ExportConfig..ctor(G:\中心OA\Code\Service\GCHeritagePlatform\GCHeritagePlatform\Services\BookMarkBase.cs:69) 未能找到对应的模板文件，文件名为附件3-固定资产验收及入库单（房屋F、土地T、交通Q） 
2017-02-14 11:28:42 ERROR  GeoCompass GCHeritagePlatform.Services.ExportConfig..ctor(G:\中心OA\Code\Service\GCHeritagePlatform\GCHeritagePlatform\Services\BookMarkBase.cs:69) 未能找到对应的模板文件，文件名为附件7-固定资产借出登记申请表 
2017-02-14 11:28:42 ERROR  GeoCompass GCHeritagePlatform.Services.ExportConfig..ctor(G:\中心OA\Code\Service\GCHeritagePlatform\GCHeritagePlatform\Services\BookMarkBase.cs:69) 未能找到对应的模板文件，文件名为附件6-固定资产调配调拨单 
2017-02-14 11:28:42 ERROR  GeoCompass GCHeritagePlatform.Services.ExportConfig..ctor(G:\中心OA\Code\Service\GCHeritagePlatform\GCHeritagePlatform\Services\BookMarkBase.cs:69) 未能找到对应的模板文件，文件名为附件5-固定资产管理信息变更表 
2017-02-14 11:28:42 ERROR  GeoCompass GCHeritagePlatform.Services.ExportConfig..ctor(G:\中心OA\Code\Service\GCHeritagePlatform\GCHeritagePlatform\Services\BookMarkBase.cs:69) 未能找到对应的模板文件，文件名为附件9-低值易耗品购置申请表 
2017-02-14 11:28:42 ERROR  GeoCompass GCHeritagePlatform.Services.ExportConfig..ctor(G:\中心OA\Code\Service\GCHeritagePlatform\GCHeritagePlatform\Services\BookMarkBase.cs:69) 未能找到对应的模板文件，文件名为附件8-固定资产处置申请表 
2017-02-14 13:48:24 INFO  GeoCompass FrameworkCore.Utils.SystemLogger.Info(:0) mySQL数据库初始化成功 
2017-02-14 13:48:51 ERROR  GeoCompass FrameworkCore.Utils.SystemLogger.Error(:0) 未能找到对应的模板文件，文件名为附件19-固定资产验收及入库单（设备S） 
2017-02-14 13:48:51 ERROR  GeoCompass FrameworkCore.Utils.SystemLogger.Error(:0) 未能找到对应的模板文件，文件名为附件3-固定资产验收及入库单（房屋F、土地T、交通Q） 
2017-02-14 13:48:51 ERROR  GeoCompass FrameworkCore.Utils.SystemLogger.Error(:0) 未能找到对应的模板文件，文件名为附件7-固定资产借出登记申请表 
2017-02-14 13:48:51 ERROR  GeoCompass FrameworkCore.Utils.SystemLogger.Error(:0) 未能找到对应的模板文件，文件名为附件6-固定资产调配调拨单 
2017-02-14 13:48:51 ERROR  GeoCompass FrameworkCore.Utils.SystemLogger.Error(:0) 未能找到对应的模板文件，文件名为附件5-固定资产管理信息变更表 
2017-02-14 13:48:52 ERROR  GeoCompass FrameworkCore.Utils.SystemLogger.Error(:0) 未能找到对应的模板文件，文件名为附件9-低值易耗品购置申请表 
2017-02-14 13:48:52 ERROR  GeoCompass FrameworkCore.Utils.SystemLogger.Error(:0) 未能找到对应的模板文件，文件名为附件8-固定资产处置申请表 
