2017-02-21 12:35:49 INFO  GeoCompass FrameworkCore.Utils.SystemLogger.Info(:0) mySQL数据库初始化成功 
2017-02-21 12:36:36 ERROR  GeoCompass GCHeritagePlatform.Services.ExportConfig..ctor(G:\中心OA\Code\Service\GCHeritagePlatform\GCHeritagePlatform\Services\BookMarkBase.cs:68) 未能找到对应的模板文件，文件名为附件7-国家基础地理信息中心涉密干部因私事出国(境)领用表and保密表and审批表 
2017-02-21 12:36:36 ERROR  GeoCompass GCHeritagePlatform.Services.ExportConfig..ctor(G:\中心OA\Code\Service\GCHeritagePlatform\GCHeritagePlatform\Services\BookMarkBase.cs:68) 未能找到对应的模板文件，文件名为附件19-固定资产验收及入库单（设备S） 
2017-02-21 12:36:36 ERROR  GeoCompass GCHeritagePlatform.Services.ExportConfig..ctor(G:\中心OA\Code\Service\GCHeritagePlatform\GCHeritagePlatform\Services\BookMarkBase.cs:68) 未能找到对应的模板文件，文件名为附件3-固定资产验收及入库单（房屋F、土地T、交通Q） 
2017-02-21 12:36:36 ERROR  GeoCompass GCHeritagePlatform.Services.ExportConfig..ctor(G:\中心OA\Code\Service\GCHeritagePlatform\GCHeritagePlatform\Services\BookMarkBase.cs:68) 未能找到对应的模板文件，文件名为附件7-固定资产借出登记申请表 
2017-02-21 12:36:36 ERROR  GeoCompass GCHeritagePlatform.Services.ExportConfig..ctor(G:\中心OA\Code\Service\GCHeritagePlatform\GCHeritagePlatform\Services\BookMarkBase.cs:68) 未能找到对应的模板文件，文件名为附件6-固定资产调配调拨单 
2017-02-21 12:36:36 ERROR  GeoCompass GCHeritagePlatform.Services.ExportConfig..ctor(G:\中心OA\Code\Service\GCHeritagePlatform\GCHeritagePlatform\Services\BookMarkBase.cs:68) 未能找到对应的模板文件，文件名为附件5-固定资产管理信息变更表 
2017-02-21 12:36:36 ERROR  GeoCompass GCHeritagePlatform.Services.ExportConfig..ctor(G:\中心OA\Code\Service\GCHeritagePlatform\GCHeritagePlatform\Services\BookMarkBase.cs:68) 未能找到对应的模板文件，文件名为附件9-低值易耗品购置申请表 
2017-02-21 12:36:36 ERROR  GeoCompass GCHeritagePlatform.Services.ExportConfig..ctor(G:\中心OA\Code\Service\GCHeritagePlatform\GCHeritagePlatform\Services\BookMarkBase.cs:68) 未能找到对应的模板文件，文件名为附件8-固定资产处置申请表 
2017-02-21 12:37:33 INFO  GeoCompass FrameworkCore.Utils.SystemLogger.Info(:0) mySQL数据库初始化成功 
2017-02-21 12:38:00 ERROR  GeoCompass GCHeritagePlatform.Services.ExportConfig..ctor(G:\中心OA\Code\Service\GCHeritagePlatform\GCHeritagePlatform\Services\BookMarkBase.cs:68) 未能找到对应的模板文件，文件名为附件7-国家基础地理信息中心涉密干部因私事出国(境)领用表and保密表and审批表 
2017-02-21 12:38:00 ERROR  GeoCompass GCHeritagePlatform.Services.ExportConfig..ctor(G:\中心OA\Code\Service\GCHeritagePlatform\GCHeritagePlatform\Services\BookMarkBase.cs:68) 未能找到对应的模板文件，文件名为附件19-固定资产验收及入库单（设备S） 
2017-02-21 12:38:00 ERROR  GeoCompass GCHeritagePlatform.Services.ExportConfig..ctor(G:\中心OA\Code\Service\GCHeritagePlatform\GCHeritagePlatform\Services\BookMarkBase.cs:68) 未能找到对应的模板文件，文件名为附件3-固定资产验收及入库单（房屋F、土地T、交通Q） 
2017-02-21 12:38:00 ERROR  GeoCompass GCHeritagePlatform.Services.ExportConfig..ctor(G:\中心OA\Code\Service\GCHeritagePlatform\GCHeritagePlatform\Services\BookMarkBase.cs:68) 未能找到对应的模板文件，文件名为附件7-固定资产借出登记申请表 
2017-02-21 12:38:00 ERROR  GeoCompass GCHeritagePlatform.Services.ExportConfig..ctor(G:\中心OA\Code\Service\GCHeritagePlatform\GCHeritagePlatform\Services\BookMarkBase.cs:68) 未能找到对应的模板文件，文件名为附件6-固定资产调配调拨单 
2017-02-21 12:38:00 ERROR  GeoCompass GCHeritagePlatform.Services.ExportConfig..ctor(G:\中心OA\Code\Service\GCHeritagePlatform\GCHeritagePlatform\Services\BookMarkBase.cs:68) 未能找到对应的模板文件，文件名为附件5-固定资产管理信息变更表 
2017-02-21 12:38:00 ERROR  GeoCompass GCHeritagePlatform.Services.ExportConfig..ctor(G:\中心OA\Code\Service\GCHeritagePlatform\GCHeritagePlatform\Services\BookMarkBase.cs:68) 未能找到对应的模板文件，文件名为附件9-低值易耗品购置申请表 
2017-02-21 12:38:00 ERROR  GeoCompass GCHeritagePlatform.Services.ExportConfig..ctor(G:\中心OA\Code\Service\GCHeritagePlatform\GCHeritagePlatform\Services\BookMarkBase.cs:68) 未能找到对应的模板文件，文件名为附件8-固定资产处置申请表 
2017-02-21 12:38:34 INFO  GeoCompass FrameworkCore.Utils.SystemLogger.Info(:0) mySQL数据库初始化成功 
2017-02-21 12:40:09 INFO  GeoCompass FrameworkCore.Utils.SystemLogger.Info(:0) mySQL数据库初始化成功 
2017-02-21 12:40:26 ERROR  GeoCompass FrameworkCore.Utils.SystemLogger.Error(:0) 未能找到对应的模板文件，文件名为附件7-国家基础地理信息中心涉密干部因私事出国(境)领用表and保密表and审批表 
2017-02-21 12:40:26 ERROR  GeoCompass FrameworkCore.Utils.SystemLogger.Error(:0) 未能找到对应的模板文件，文件名为附件19-固定资产验收及入库单（设备S） 
2017-02-21 12:40:26 ERROR  GeoCompass FrameworkCore.Utils.SystemLogger.Error(:0) 未能找到对应的模板文件，文件名为附件3-固定资产验收及入库单（房屋F、土地T、交通Q） 
2017-02-21 12:40:27 ERROR  GeoCompass FrameworkCore.Utils.SystemLogger.Error(:0) 未能找到对应的模板文件，文件名为附件7-固定资产借出登记申请表 
2017-02-21 12:40:27 ERROR  GeoCompass FrameworkCore.Utils.SystemLogger.Error(:0) 未能找到对应的模板文件，文件名为附件6-固定资产调配调拨单 
2017-02-21 12:40:27 ERROR  GeoCompass FrameworkCore.Utils.SystemLogger.Error(:0) 未能找到对应的模板文件，文件名为附件5-固定资产管理信息变更表 
2017-02-21 12:40:27 ERROR  GeoCompass FrameworkCore.Utils.SystemLogger.Error(:0) 未能找到对应的模板文件，文件名为附件9-低值易耗品购置申请表 
2017-02-21 12:40:28 ERROR  GeoCompass FrameworkCore.Utils.SystemLogger.Error(:0) 未能找到对应的模板文件，文件名为附件8-固定资产处置申请表 
2017-02-21 14:41:54 INFO  GeoCompass FrameworkCore.Utils.SystemLogger.Info(:0) mySQL数据库初始化成功 
2017-02-21 14:42:33 ERROR  GeoCompass GCHeritagePlatform.Services.ExportConfig..ctor(G:\中心OA\Code\Service\GCHeritagePlatform\GCHeritagePlatform\Services\BookMarkBase.cs:68) 未能找到对应的模板文件，文件名为附件19-固定资产验收及入库单（设备S） 
2017-02-21 14:42:33 ERROR  GeoCompass GCHeritagePlatform.Services.ExportConfig..ctor(G:\中心OA\Code\Service\GCHeritagePlatform\GCHeritagePlatform\Services\BookMarkBase.cs:68) 未能找到对应的模板文件，文件名为附件3-固定资产验收及入库单（房屋F、土地T、交通Q） 
2017-02-21 14:42:33 ERROR  GeoCompass GCHeritagePlatform.Services.ExportConfig..ctor(G:\中心OA\Code\Service\GCHeritagePlatform\GCHeritagePlatform\Services\BookMarkBase.cs:68) 未能找到对应的模板文件，文件名为附件7-固定资产借出登记申请表 
2017-02-21 14:42:33 ERROR  GeoCompass GCHeritagePlatform.Services.ExportConfig..ctor(G:\中心OA\Code\Service\GCHeritagePlatform\GCHeritagePlatform\Services\BookMarkBase.cs:68) 未能找到对应的模板文件，文件名为附件6-固定资产调配调拨单 
2017-02-21 14:42:33 ERROR  GeoCompass GCHeritagePlatform.Services.ExportConfig..ctor(G:\中心OA\Code\Service\GCHeritagePlatform\GCHeritagePlatform\Services\BookMarkBase.cs:68) 未能找到对应的模板文件，文件名为附件5-固定资产管理信息变更表 
2017-02-21 14:42:33 ERROR  GeoCompass GCHeritagePlatform.Services.ExportConfig..ctor(G:\中心OA\Code\Service\GCHeritagePlatform\GCHeritagePlatform\Services\BookMarkBase.cs:68) 未能找到对应的模板文件，文件名为附件9-低值易耗品购置申请表 
2017-02-21 14:42:33 ERROR  GeoCompass GCHeritagePlatform.Services.ExportConfig..ctor(G:\中心OA\Code\Service\GCHeritagePlatform\GCHeritagePlatform\Services\BookMarkBase.cs:68) 未能找到对应的模板文件，文件名为附件8-固定资产处置申请表 
2017-02-21 14:45:26 INFO  GeoCompass FrameworkCore.Utils.SystemLogger.Info(:0) mySQL数据库初始化成功 
2017-02-21 14:47:26 INFO  GeoCompass FrameworkCore.Utils.SystemLogger.Info(:0) mySQL数据库初始化成功 
2017-02-21 14:49:31 ERROR  GeoCompass GCHeritagePlatform.Services.ExportConfig..ctor(G:\中心OA\Code\Service\GCHeritagePlatform\GCHeritagePlatform\Services\BookMarkBase.cs:68) 未能找到对应的模板文件，文件名为附件19-固定资产验收及入库单（设备S） 
2017-02-21 14:49:31 ERROR  GeoCompass GCHeritagePlatform.Services.ExportConfig..ctor(G:\中心OA\Code\Service\GCHeritagePlatform\GCHeritagePlatform\Services\BookMarkBase.cs:68) 未能找到对应的模板文件，文件名为附件3-固定资产验收及入库单（房屋F、土地T、交通Q） 
2017-02-21 14:49:31 ERROR  GeoCompass GCHeritagePlatform.Services.ExportConfig..ctor(G:\中心OA\Code\Service\GCHeritagePlatform\GCHeritagePlatform\Services\BookMarkBase.cs:68) 未能找到对应的模板文件，文件名为附件7-固定资产借出登记申请表 
2017-02-21 14:49:31 ERROR  GeoCompass GCHeritagePlatform.Services.ExportConfig..ctor(G:\中心OA\Code\Service\GCHeritagePlatform\GCHeritagePlatform\Services\BookMarkBase.cs:68) 未能找到对应的模板文件，文件名为附件6-固定资产调配调拨单 
2017-02-21 14:49:31 ERROR  GeoCompass GCHeritagePlatform.Services.ExportConfig..ctor(G:\中心OA\Code\Service\GCHeritagePlatform\GCHeritagePlatform\Services\BookMarkBase.cs:68) 未能找到对应的模板文件，文件名为附件5-固定资产管理信息变更表 
2017-02-21 14:49:31 ERROR  GeoCompass GCHeritagePlatform.Services.ExportConfig..ctor(G:\中心OA\Code\Service\GCHeritagePlatform\GCHeritagePlatform\Services\BookMarkBase.cs:68) 未能找到对应的模板文件，文件名为附件9-低值易耗品购置申请表 
2017-02-21 14:49:31 ERROR  GeoCompass GCHeritagePlatform.Services.ExportConfig..ctor(G:\中心OA\Code\Service\GCHeritagePlatform\GCHeritagePlatform\Services\BookMarkBase.cs:68) 未能找到对应的模板文件，文件名为附件8-固定资产处置申请表 
2017-02-21 14:50:05 INFO  GeoCompass FrameworkCore.Utils.SystemLogger.Info(:0) mySQL数据库初始化成功 
2017-02-21 14:54:16 ERROR  GeoCompass GCHeritagePlatform.Services.ExportConfig..ctor(G:\中心OA\Code\Service\GCHeritagePlatform\GCHeritagePlatform\Services\BookMarkBase.cs:68) 未能找到对应的模板文件，文件名为附件19-固定资产验收及入库单（设备S） 
2017-02-21 14:54:16 ERROR  GeoCompass GCHeritagePlatform.Services.ExportConfig..ctor(G:\中心OA\Code\Service\GCHeritagePlatform\GCHeritagePlatform\Services\BookMarkBase.cs:68) 未能找到对应的模板文件，文件名为附件3-固定资产验收及入库单（房屋F、土地T、交通Q） 
2017-02-21 14:54:16 ERROR  GeoCompass GCHeritagePlatform.Services.ExportConfig..ctor(G:\中心OA\Code\Service\GCHeritagePlatform\GCHeritagePlatform\Services\BookMarkBase.cs:68) 未能找到对应的模板文件，文件名为附件7-固定资产借出登记申请表 
2017-02-21 14:54:16 ERROR  GeoCompass GCHeritagePlatform.Services.ExportConfig..ctor(G:\中心OA\Code\Service\GCHeritagePlatform\GCHeritagePlatform\Services\BookMarkBase.cs:68) 未能找到对应的模板文件，文件名为附件6-固定资产调配调拨单 
2017-02-21 14:54:16 ERROR  GeoCompass GCHeritagePlatform.Services.ExportConfig..ctor(G:\中心OA\Code\Service\GCHeritagePlatform\GCHeritagePlatform\Services\BookMarkBase.cs:68) 未能找到对应的模板文件，文件名为附件5-固定资产管理信息变更表 
2017-02-21 14:54:16 ERROR  GeoCompass GCHeritagePlatform.Services.ExportConfig..ctor(G:\中心OA\Code\Service\GCHeritagePlatform\GCHeritagePlatform\Services\BookMarkBase.cs:68) 未能找到对应的模板文件，文件名为附件9-低值易耗品购置申请表 
2017-02-21 14:54:16 ERROR  GeoCompass GCHeritagePlatform.Services.ExportConfig..ctor(G:\中心OA\Code\Service\GCHeritagePlatform\GCHeritagePlatform\Services\BookMarkBase.cs:68) 未能找到对应的模板文件，文件名为附件8-固定资产处置申请表 
2017-02-21 14:57:20 INFO  GeoCompass FrameworkCore.Utils.SystemLogger.Info(:0) mySQL数据库初始化成功 
2017-02-21 14:58:18 ERROR  GeoCompass FrameworkCore.Utils.SystemLogger.Error(:0) 未能找到对应的模板文件，文件名为附件19-固定资产验收及入库单（设备S） 
2017-02-21 14:58:18 ERROR  GeoCompass FrameworkCore.Utils.SystemLogger.Error(:0) 未能找到对应的模板文件，文件名为附件3-固定资产验收及入库单（房屋F、土地T、交通Q） 
2017-02-21 14:58:18 ERROR  GeoCompass FrameworkCore.Utils.SystemLogger.Error(:0) 未能找到对应的模板文件，文件名为附件7-固定资产借出登记申请表 
2017-02-21 14:58:18 ERROR  GeoCompass FrameworkCore.Utils.SystemLogger.Error(:0) 未能找到对应的模板文件，文件名为附件6-固定资产调配调拨单 
2017-02-21 14:58:18 ERROR  GeoCompass FrameworkCore.Utils.SystemLogger.Error(:0) 未能找到对应的模板文件，文件名为附件5-固定资产管理信息变更表 
2017-02-21 14:58:19 ERROR  GeoCompass FrameworkCore.Utils.SystemLogger.Error(:0) 未能找到对应的模板文件，文件名为附件9-低值易耗品购置申请表 
2017-02-21 14:58:19 ERROR  GeoCompass FrameworkCore.Utils.SystemLogger.Error(:0) 未能找到对应的模板文件，文件名为附件8-固定资产处置申请表 
2017-02-21 15:24:02 INFO  GeoCompass FrameworkCore.Utils.SystemLogger.Info(:0) mySQL数据库初始化成功 
2017-02-21 15:24:09 ERROR  GeoCompass FrameworkCore.Utils.SystemLogger.Error(:0) 未能找到对应的模板文件，文件名为附件19-固定资产验收及入库单（设备S） 
2017-02-21 15:24:09 ERROR  GeoCompass FrameworkCore.Utils.SystemLogger.Error(:0) 未能找到对应的模板文件，文件名为附件3-固定资产验收及入库单（房屋F、土地T、交通Q） 
2017-02-21 15:24:09 ERROR  GeoCompass FrameworkCore.Utils.SystemLogger.Error(:0) 未能找到对应的模板文件，文件名为附件7-固定资产借出登记申请表 
2017-02-21 15:24:09 ERROR  GeoCompass FrameworkCore.Utils.SystemLogger.Error(:0) 未能找到对应的模板文件，文件名为附件6-固定资产调配调拨单 
2017-02-21 15:24:09 ERROR  GeoCompass FrameworkCore.Utils.SystemLogger.Error(:0) 未能找到对应的模板文件，文件名为附件5-固定资产管理信息变更表 
2017-02-21 15:24:09 ERROR  GeoCompass FrameworkCore.Utils.SystemLogger.Error(:0) 未能找到对应的模板文件，文件名为附件9-低值易耗品购置申请表 
2017-02-21 15:24:09 ERROR  GeoCompass FrameworkCore.Utils.SystemLogger.Error(:0) 未能找到对应的模板文件，文件名为附件8-固定资产处置申请表 
2017-02-21 15:40:21 INFO  GeoCompass FrameworkCore.Utils.SystemLogger.Info(:0) mySQL数据库初始化成功 
2017-02-21 15:40:38 ERROR  GeoCompass FrameworkCore.Utils.SystemLogger.Error(:0) 未能找到对应的模板文件，文件名为附件19-固定资产验收及入库单（设备S） 
2017-02-21 15:40:38 ERROR  GeoCompass FrameworkCore.Utils.SystemLogger.Error(:0) 未能找到对应的模板文件，文件名为附件3-固定资产验收及入库单（房屋F、土地T、交通Q） 
2017-02-21 15:40:38 ERROR  GeoCompass FrameworkCore.Utils.SystemLogger.Error(:0) 未能找到对应的模板文件，文件名为附件7-固定资产借出登记申请表 
2017-02-21 15:40:38 ERROR  GeoCompass FrameworkCore.Utils.SystemLogger.Error(:0) 未能找到对应的模板文件，文件名为附件6-固定资产调配调拨单 
2017-02-21 15:40:38 ERROR  GeoCompass FrameworkCore.Utils.SystemLogger.Error(:0) 未能找到对应的模板文件，文件名为附件5-固定资产管理信息变更表 
2017-02-21 15:40:38 ERROR  GeoCompass FrameworkCore.Utils.SystemLogger.Error(:0) 未能找到对应的模板文件，文件名为附件9-低值易耗品购置申请表 
2017-02-21 15:40:38 ERROR  GeoCompass FrameworkCore.Utils.SystemLogger.Error(:0) 未能找到对应的模板文件，文件名为附件8-固定资产处置申请表 
2017-02-21 17:27:19 INFO  GeoCompass FrameworkCore.Utils.SystemLogger.Info(:0) mySQL数据库初始化成功 
2017-02-21 17:27:39 INFO  GeoCompass FrameworkCore.Utils.SystemLogger.Info(:0) mySQL数据库初始化成功 
2017-02-21 17:28:34 ERROR  GeoCompass FrameworkCore.Utils.SystemLogger.Error(:0) 未能找到对应的模板文件，文件名为附件19-固定资产验收及入库单（设备S） 
2017-02-21 17:28:34 ERROR  GeoCompass FrameworkCore.Utils.SystemLogger.Error(:0) 未能找到对应的模板文件，文件名为附件3-固定资产验收及入库单（房屋F、土地T、交通Q） 
2017-02-21 17:28:34 ERROR  GeoCompass FrameworkCore.Utils.SystemLogger.Error(:0) 未能找到对应的模板文件，文件名为附件7-固定资产借出登记申请表 
2017-02-21 17:28:34 ERROR  GeoCompass FrameworkCore.Utils.SystemLogger.Error(:0) 未能找到对应的模板文件，文件名为附件6-固定资产调配调拨单 
2017-02-21 17:28:35 ERROR  GeoCompass FrameworkCore.Utils.SystemLogger.Error(:0) 未能找到对应的模板文件，文件名为附件5-固定资产管理信息变更表 
2017-02-21 17:28:35 ERROR  GeoCompass FrameworkCore.Utils.SystemLogger.Error(:0) 未能找到对应的模板文件，文件名为附件9-低值易耗品购置申请表 
2017-02-21 17:28:35 ERROR  GeoCompass FrameworkCore.Utils.SystemLogger.Error(:0) 未能找到对应的模板文件，文件名为附件8-固定资产处置申请表 
2017-02-21 17:30:11 INFO  GeoCompass FrameworkCore.Utils.SystemLogger.Info(:0) mySQL数据库初始化成功 
2017-02-21 17:30:18 ERROR  GeoCompass FrameworkCore.Utils.SystemLogger.Error(:0) 未能找到对应的模板文件，文件名为附件19-固定资产验收及入库单（设备S） 
2017-02-21 17:30:18 ERROR  GeoCompass FrameworkCore.Utils.SystemLogger.Error(:0) 未能找到对应的模板文件，文件名为附件3-固定资产验收及入库单（房屋F、土地T、交通Q） 
2017-02-21 17:30:18 ERROR  GeoCompass FrameworkCore.Utils.SystemLogger.Error(:0) 未能找到对应的模板文件，文件名为附件7-固定资产借出登记申请表 
2017-02-21 17:30:18 ERROR  GeoCompass FrameworkCore.Utils.SystemLogger.Error(:0) 未能找到对应的模板文件，文件名为附件6-固定资产调配调拨单 
2017-02-21 17:30:18 ERROR  GeoCompass FrameworkCore.Utils.SystemLogger.Error(:0) 未能找到对应的模板文件，文件名为附件5-固定资产管理信息变更表 
2017-02-21 17:30:19 ERROR  GeoCompass FrameworkCore.Utils.SystemLogger.Error(:0) 未能找到对应的模板文件，文件名为附件9-低值易耗品购置申请表 
2017-02-21 17:30:19 ERROR  GeoCompass FrameworkCore.Utils.SystemLogger.Error(:0) 未能找到对应的模板文件，文件名为附件8-固定资产处置申请表 
